#-----------------------------------------------------------
# Webtalk v2015.4 (64-bit)
# SW Build 1412921 on Wed Nov 18 09:43:45 MST 2015
# 
# Start of session at: Tue May 03 17:59:37 2016
# Process ID: 7312
# Current directory: D:/Arty/SD/SD.sdk/webtalk
# Command line: wbtcv.exe -mode batch -source sdk_webtalk.tcl
# Log file: D:/Arty/SD/SD.sdk/webtalk/webtalk.log
# Journal file: D:/Arty/SD/SD.sdk/webtalk\webtalk.jou
#-----------------------------------------------------------
source sdk_webtalk.tcl
# webtalk_init -webtalk_dir D:\\Arty\\SD\\SD.sdk\\webtalk
# webtalk_register_client -client project
# webtalk_add_data -client project -key date_generated -value "Di Mai 3 17:59:36 2016" -context "software_version_and_target_device"
# webtalk_add_data -client project -key product_version -value "SDK v2015.4" -context "software_version_and_target_device"
# webtalk_add_data -client project -key build_version -value "2015.4" -context "software_version_and_target_device"
# webtalk_add_data -client project -key os_platform -value "amd64" -context "software_version_and_target_device"
# webtalk_add_data -client project -key registration_id -value "" -context "software_version_and_target_device"
# webtalk_add_data -client project -key tool_flow -value "SDK" -context "software_version_and_target_device"
# webtalk_add_data -client project -key beta -value "false" -context "software_version_and_target_device"
# webtalk_add_data -client project -key route_design -value "NA" -context "software_version_and_target_device"
# webtalk_add_data -client project -key target_family -value "NA" -context "software_version_and_target_device"
# webtalk_add_data -client project -key target_device -value "NA" -context "software_version_and_target_device"
# webtalk_add_data -client project -key target_package -value "NA" -context "software_version_and_target_device"
# webtalk_add_data -client project -key target_speed -value "NA" -context "software_version_and_target_device"
# webtalk_add_data -client project -key random_id -value "3chkga0fonkrqe922o5m4cv9h4" -context "software_version_and_target_device"
# webtalk_add_data -client project -key project_id -value "2015.4_20" -context "software_version_and_target_device"
# webtalk_add_data -client project -key project_iteration -value "20" -context "software_version_and_target_device"
# webtalk_add_data -client project -key os_name -value "" -context "user_environment"
# webtalk_add_data -client project -key os_release -value "" -context "user_environment"
# webtalk_add_data -client project -key cpu_name -value "" -context "user_environment"
# webtalk_add_data -client project -key cpu_speed -value "" -context "user_environment"
# webtalk_add_data -client project -key total_processors -value "" -context "user_environment"
# webtalk_add_data -client project -key system_ram -value "" -context "user_environment"
# webtalk_register_client -client sdk
# webtalk_add_data -client sdk -key uid -value "1462290987283" -context "sdk\\\\application/1462290987283"
# webtalk_add_data -client sdk -key hwid -value "1462288095963" -context "sdk\\\\application/1462290987283"
# webtalk_add_data -client sdk -key bspid -value "1462288163607" -context "sdk\\\\application/1462290987283"
# webtalk_add_data -client sdk -key newbsp -value "false" -context "sdk\\\\application/1462290987283"
# webtalk_add_data -client sdk -key os -value "standalone" -context "sdk\\\\application/1462290987283"
# webtalk_add_data -client sdk -key apptemplate -value "peripheral_tests" -context "sdk\\\\application/1462290987283"
# webtalk_transmit -clientid 1005798944 -regid "" -xml D:\\Arty\\SD\\SD.sdk\\webtalk\\usage_statistics_ext_sdk.xml -html D:\\Arty\\SD\\SD.sdk\\webtalk\\usage_statistics_ext_sdk.html -wdm D:\\Arty\\SD\\SD.sdk\\webtalk\\sdk_webtalk.wdm -intro "<H3>SDK Usage Report</H3><BR>"
# webtalk_terminate
INFO: [Common 17-206] Exiting Webtalk at Tue May 03 17:59:38 2016...
