

================================================================
== Vivado HLS Report for 'AFAProcessFunction'
================================================================
* Date:           Sat Feb 14 17:21:40 2015

* Version:        2014.4 (Build 1071461 on Tue Nov 18 16:42:57 PM 2014)
* Project:        proj_axi_master
* Solution:       solution2
* Product family: virtex7
* Target device:  xc7vx690tffg1761-2


================================================================
== Performance Estimates
================================================================
+ Timing (ns): 
    * Summary: 
    +---------+-------+----------+------------+
    |  Clock  | Target| Estimated| Uncertainty|
    +---------+-------+----------+------------+
    |default  |   2.50|      2.39|        0.31|
    +---------+-------+----------+------------+

+ Latency (clock cycles): 
    * Summary: 
    +-----+-----+-----+-----+---------+
    |  Latency  |  Interval | Pipeline|
    | min | max | min | max |   Type  |
    +-----+-----+-----+-----+---------+
    |  142|  142|  143|  143|   none  |
    +-----+-----+-----+-----+---------+

    + Detail: 
        * Instance: 
        N/A

        * Loop: 
        +---------------------------------------------+-----+-----+----------+-----------+-----------+------+----------+
        |                                             |  Latency  | Iteration|  Initiation Interval  | Trip |          |
        |                  Loop Name                  | min | max |  Latency |  achieved |   target  | Count| Pipelined|
        +---------------------------------------------+-----+-----+----------+-----------+-----------+------+----------+
        |- memcpy.AFAProcessFunctionParamBlock.p      |   65|   65|         3|          1|          1|    64|    yes   |
        |- memcpy.p.AFAProcessFunctionParamBlock.gep  |   65|   65|         3|          1|          1|    64|    yes   |
        +---------------------------------------------+-----+-----+----------+-----------+-----------+------+----------+



================================================================
== Utilization Estimates
================================================================
* Summary: 
+-----------------+---------+-------+--------+--------+
|       Name      | BRAM_18K| DSP48E|   FF   |   LUT  |
+-----------------+---------+-------+--------+--------+
|Expression       |        -|      -|       -|       -|
|FIFO             |        -|      -|       -|       -|
|Instance         |        -|      -|       -|       -|
|Memory           |        -|      -|       -|       -|
|Multiplexer      |        -|      -|       -|       -|
|Register         |        -|      -|       -|       -|
+-----------------+---------+-------+--------+--------+
|Total            |        0|      0|       0|       0|
+-----------------+---------+-------+--------+--------+
|Available        |     2940|   3600|  866400|  433200|
+-----------------+---------+-------+--------+--------+
|Utilization (%)  |        0|      0|       0|       0|
+-----------------+---------+-------+--------+--------+

+ Detail: 
    * Instance: 
    N/A

    * Memory: 
    N/A

    * FIFO: 
    N/A

    * Expression: 
    N/A

    * Multiplexer: 
    N/A

    * Register: 
    N/A



================================================================
== Interface
================================================================
* Summary: 
N/A

============================================================
+ Verbose Summary: Synthesis Manager
============================================================
InlineROM: 1
ExposeGlobal: 0
============================================================
+ Verbose Summary: CDFG Model
============================================================
IsTopModel: 1
ResetActiveHigh: 1
IsCombinational: 0
IsDatapathOnly: 0
HasWiredReturn: 1
HasMFsm: 0
HasVarLatency: 1
IsPipeline: 0
IsRtlPipelined: 0
IsInstanceOverlapped: 0
IsDontTouch: 0
HasImplIP: 0
IsGatedGlobalClock: 0

+ Individual pipeline summary: 
  * Pipeline-0: initiation interval (II) = 1, depth = 3
  * Pipeline-1: initiation interval (II) = 1, depth = 3


============================================================
+ Verbose Summary: Schedule
============================================================
* Number of FSM states: 17
* Pipeline: 2
  Pipeline-0: II = 1, D = 3, States = { 7 8 9 }
  Pipeline-1: II = 1, D = 3, States = { 11 12 13 }
* Dataflow Pipeline: 0

* FSM state transitions: 
1 --> 
	2  / true
2 --> 
	3  / true
3 --> 
	4  / true
4 --> 
	5  / true
5 --> 
	6  / true
6 --> 
	7  / true
7 --> 
	10  / (exitcond)
	8  / (!exitcond)
8 --> 
	9  / true
9 --> 
	7  / true
10 --> 
	11  / true
11 --> 
	14  / (exitcond6)
	12  / (!exitcond6)
12 --> 
	13  / true
13 --> 
	11  / true
14 --> 
	15  / true
15 --> 
	16  / true
16 --> 
	17  / true
17 --> 
* FSM state operations: 

 <State 1>: 2.19ns
ST_1: AFAProcessFunctionParamBlock [1/1] 0.00ns
:4  %AFAProcessFunctionParamBlock = alloca [64 x i32], align 16

ST_1: p_rd_req [6/6] 2.19ns
:8  %p_rd_req = call i1 @_ssdm_op_ReadReq.m_axi.i32P(i32* %p, i32 64) nounwind


 <State 2>: 2.19ns
ST_2: p_rd_req [5/6] 2.19ns
:8  %p_rd_req = call i1 @_ssdm_op_ReadReq.m_axi.i32P(i32* %p, i32 64) nounwind


 <State 3>: 2.19ns
ST_3: p_rd_req [4/6] 2.19ns
:8  %p_rd_req = call i1 @_ssdm_op_ReadReq.m_axi.i32P(i32* %p, i32 64) nounwind


 <State 4>: 2.19ns
ST_4: p_rd_req [3/6] 2.19ns
:8  %p_rd_req = call i1 @_ssdm_op_ReadReq.m_axi.i32P(i32* %p, i32 64) nounwind


 <State 5>: 2.19ns
ST_5: p_rd_req [2/6] 2.19ns
:8  %p_rd_req = call i1 @_ssdm_op_ReadReq.m_axi.i32P(i32* %p, i32 64) nounwind


 <State 6>: 2.19ns
ST_6: stg_24 [1/1] 0.00ns
:0  call void (...)* @_ssdm_op_SpecBitsMap(i32* %p) nounwind, !map !0

ST_6: stg_25 [1/1] 0.00ns
:1  call void (...)* @_ssdm_op_SpecBitsMap(i8* %srcNet) nounwind, !map !6

ST_6: stg_26 [1/1] 0.00ns
:2  call void (...)* @_ssdm_op_SpecBitsMap(i8* %dstNet) nounwind, !map !12

ST_6: stg_27 [1/1] 0.00ns
:3  call void (...)* @_ssdm_op_SpecTopModule([19 x i8]* @str) nounwind

ST_6: stg_28 [1/1] 0.00ns
:5  call void (...)* @_ssdm_op_SpecInterface(i32* %p, [6 x i8]* @p_str, i32 0, i32 0, i32 0, i32 64, [1 x i8]* @p_str1, [1 x i8]* @p_str1, [1 x i8]* @p_str1) nounwind

ST_6: stg_29 [1/1] 0.00ns
:6  call void (...)* @_ssdm_op_SpecInterface(i8* %srcNet, [6 x i8]* @p_str, i32 0, i32 0, i32 0, i32 256, [1 x i8]* @p_str1, [1 x i8]* @p_str1, [1 x i8]* @p_str1) nounwind

ST_6: stg_30 [1/1] 0.00ns
:7  call void (...)* @_ssdm_op_SpecInterface(i8* %dstNet, [6 x i8]* @p_str, i32 0, i32 0, i32 0, i32 256, [1 x i8]* @p_str1, [1 x i8]* @p_str1, [1 x i8]* @p_str1) nounwind

ST_6: p_rd_req [1/6] 2.19ns
:8  %p_rd_req = call i1 @_ssdm_op_ReadReq.m_axi.i32P(i32* %p, i32 64) nounwind

ST_6: stg_32 [1/1] 0.89ns
:9  br label %burst.rd.header


 <State 7>: 1.27ns
ST_7: indvar [1/1] 0.00ns
burst.rd.header:0  %indvar = phi i7 [ 0, %0 ], [ %indvar_next, %burst.rd.body ]

ST_7: exitcond [1/1] 1.18ns
burst.rd.header:1  %exitcond = icmp eq i7 %indvar, -64

ST_7: empty [1/1] 0.00ns
burst.rd.header:2  %empty = call i32 (...)* @_ssdm_op_SpecLoopTripCount(i64 64, i64 64, i64 64) nounwind

ST_7: indvar_next [1/1] 1.27ns
burst.rd.header:3  %indvar_next = add i7 %indvar, 1

ST_7: stg_37 [1/1] 0.00ns
burst.rd.header:4  br i1 %exitcond, label %burst.wr.header.preheader, label %burst.rd.body


 <State 8>: 2.19ns
ST_8: p_read [1/1] 2.19ns
burst.rd.body:4  %p_read = call i32 @_ssdm_op_Read.m_axi.i32P(i32* %p) nounwind


 <State 9>: 2.39ns
ST_9: burstread_rbegin [1/1] 0.00ns
burst.rd.body:0  %burstread_rbegin = call i32 (...)* @_ssdm_op_SpecRegionBegin([17 x i8]* @p_str4) nounwind

ST_9: empty_3 [1/1] 0.00ns
burst.rd.body:1  %empty_3 = call i32 (...)* @_ssdm_op_SpecPipeline(i32 1, i32 1, i32 1, i32 0, [1 x i8]* @str2) nounwind

ST_9: empty_4 [1/1] 0.00ns
burst.rd.body:2  %empty_4 = call i32 (...)* @_ssdm_op_SpecLoopName([38 x i8]* @str1) nounwind

ST_9: tmp [1/1] 0.00ns
burst.rd.body:3  %tmp = zext i7 %indvar to i64

ST_9: AFAProcessFunctionParamBlock_a [1/1] 0.00ns
burst.rd.body:5  %AFAProcessFunctionParamBlock_a = getelementptr [64 x i32]* %AFAProcessFunctionParamBlock, i64 0, i64 %tmp

ST_9: stg_44 [1/1] 2.39ns
burst.rd.body:6  store i32 %p_read, i32* %AFAProcessFunctionParamBlock_a, align 4

ST_9: burstread_rend [1/1] 0.00ns
burst.rd.body:7  %burstread_rend = call i32 (...)* @_ssdm_op_SpecRegionEnd([17 x i8]* @p_str4, i32 %burstread_rbegin) nounwind

ST_9: stg_46 [1/1] 0.00ns
burst.rd.body:8  br label %burst.rd.header


 <State 10>: 2.19ns
ST_10: p_wr_req [1/1] 2.19ns
burst.wr.header.preheader:0  %p_wr_req = call i1 @_ssdm_op_WriteReq.m_axi.i32P(i32* %p, i32 64) nounwind

ST_10: stg_48 [1/1] 0.89ns
burst.wr.header.preheader:1  br label %burst.wr.header


 <State 11>: 2.39ns
ST_11: indvar4 [1/1] 0.00ns
burst.wr.header:0  %indvar4 = phi i7 [ %indvar_next5, %burst.wr.body ], [ 0, %burst.wr.header.preheader ]

ST_11: exitcond6 [1/1] 1.18ns
burst.wr.header:1  %exitcond6 = icmp eq i7 %indvar4, -64

ST_11: empty_5 [1/1] 0.00ns
burst.wr.header:2  %empty_5 = call i32 (...)* @_ssdm_op_SpecLoopTripCount(i64 64, i64 64, i64 64) nounwind

ST_11: indvar_next5 [1/1] 1.27ns
burst.wr.header:3  %indvar_next5 = add i7 %indvar4, 1

ST_11: stg_53 [1/1] 0.00ns
burst.wr.header:4  br i1 %exitcond6, label %burst.wr.end, label %burst.wr.body

ST_11: tmp_1 [1/1] 0.00ns
burst.wr.body:3  %tmp_1 = zext i7 %indvar4 to i64

ST_11: AFAProcessFunctionParamBlock_a_1 [1/1] 0.00ns
burst.wr.body:4  %AFAProcessFunctionParamBlock_a_1 = getelementptr [64 x i32]* %AFAProcessFunctionParamBlock, i64 0, i64 %tmp_1

ST_11: AFAProcessFunctionParamBlock_l [2/2] 2.39ns
burst.wr.body:5  %AFAProcessFunctionParamBlock_l = load i32* %AFAProcessFunctionParamBlock_a_1, align 4


 <State 12>: 2.39ns
ST_12: AFAProcessFunctionParamBlock_l [1/2] 2.39ns
burst.wr.body:5  %AFAProcessFunctionParamBlock_l = load i32* %AFAProcessFunctionParamBlock_a_1, align 4


 <State 13>: 2.19ns
ST_13: burstwrite_rbegin [1/1] 0.00ns
burst.wr.body:0  %burstwrite_rbegin = call i32 (...)* @_ssdm_op_SpecRegionBegin([18 x i8]* @p_str8) nounwind

ST_13: empty_6 [1/1] 0.00ns
burst.wr.body:1  %empty_6 = call i32 (...)* @_ssdm_op_SpecPipeline(i32 1, i32 1, i32 1, i32 0, [1 x i8]* @str6) nounwind

ST_13: empty_7 [1/1] 0.00ns
burst.wr.body:2  %empty_7 = call i32 (...)* @_ssdm_op_SpecLoopName([42 x i8]* @str5) nounwind

ST_13: stg_61 [1/1] 2.19ns
burst.wr.body:6  call void @_ssdm_op_Write.m_axi.i32P(i32* %p, i32 %AFAProcessFunctionParamBlock_l, i4 -1) nounwind

ST_13: burstwrite_rend [1/1] 0.00ns
burst.wr.body:7  %burstwrite_rend = call i32 (...)* @_ssdm_op_SpecRegionEnd([18 x i8]* @p_str8, i32 %burstwrite_rbegin) nounwind

ST_13: stg_63 [1/1] 0.00ns
burst.wr.body:8  br label %burst.wr.header


 <State 14>: 2.19ns
ST_14: p_wr_resp [4/4] 2.19ns
burst.wr.end:0  %p_wr_resp = call i1 @_ssdm_op_WriteResp.m_axi.i32P(i32* %p) nounwind


 <State 15>: 2.19ns
ST_15: p_wr_resp [3/4] 2.19ns
burst.wr.end:0  %p_wr_resp = call i1 @_ssdm_op_WriteResp.m_axi.i32P(i32* %p) nounwind


 <State 16>: 2.19ns
ST_16: p_wr_resp [2/4] 2.19ns
burst.wr.end:0  %p_wr_resp = call i1 @_ssdm_op_WriteResp.m_axi.i32P(i32* %p) nounwind


 <State 17>: 2.19ns
ST_17: p_wr_resp [1/4] 2.19ns
burst.wr.end:0  %p_wr_resp = call i1 @_ssdm_op_WriteResp.m_axi.i32P(i32* %p) nounwind

ST_17: stg_68 [1/1] 0.00ns
burst.wr.end:1  ret void



============================================================
+ Verbose Summary: Binding
============================================================
N/A
* FSMD analyzer results:
  - Output states:
  - Chain level:
	State 1
	State 2
	State 3
	State 4
	State 5
	State 6
	State 7
	State 8
	State 9
	State 10
	State 11
	State 12
	State 13
	State 14
	State 15
	State 16
	State 17


============================================================
+ Verbose Summary: Datapath Resource usage 
============================================================
N/A
