@I [HLS-0] Workspace C:/Projects/2014-03-04_TLS-Aspect/FPGA/HLS/AFA2/AFA/proj_axi_master/solution2 opened at Sun Feb 15 00:11:15 +0100 2015
@I [HLS-100] Command "config_clock -quiet -name default -period 2.5 -unit ns -default=false "
@I [SYN-201] Setting up clock 'default' with a period of 2.5ns.
@I [HLS-100] Command 'config_clock' returned 0; elapsed 0Total elapsed time: 0.559 sec.
@I [HLS-100] Command "open_platform DefaultPlatform "
@I [HLS-100] Command 'open_platform' returned 0; elapsed 0Total elapsed time: 0.560 sec.
@I [HLS-100] Command "import_lib C:/Xilinx/Vivado_HLS/2014.4/common/technology/xilinx/virtex7/virtex7 "
@I [HLS-100] Command "source C:/Xilinx/Vivado_HLS/2014.4/common/technology/xilinx/common/xilinx.lib "
@I [HLS-100] Command "source C:/Xilinx/Vivado_HLS/2014.4/common/technology/xilinx/interface/xilinx_interface.lib "
@I [HLS-100] Command "source C:/Xilinx/Vivado_HLS/2014.4/common/technology/xilinx/interface/plb46.lib "
@I [HLS-100] Command 'ap_source' returned 0; elapsed 0Total elapsed time: 0.560 sec.
@I [HLS-100] Command "source C:/Xilinx/Vivado_HLS/2014.4/common/technology/xilinx/interface/fsl.lib "
@I [HLS-100] Command 'ap_source' returned 0; elapsed 0.001Total elapsed time: 0.561 sec.
@I [HLS-100] Command "source C:/Xilinx/Vivado_HLS/2014.4/common/technology/xilinx/interface/axi4.lib "
@I [HLS-100] Command 'ap_source' returned 0; elapsed 0Total elapsed time: 0.561 sec.
@I [HLS-100] Command "source C:/Xilinx/Vivado_HLS/2014.4/common/technology/xilinx/interface/maxi.lib "
@I [HLS-100] Command 'ap_source' returned 0; elapsed 0Total elapsed time: 0.561 sec.
@I [HLS-100] Command "source C:/Xilinx/Vivado_HLS/2014.4/common/technology/xilinx/interface/saxilite.lib "
@I [HLS-100] Command 'ap_source' returned 0; elapsed 0Total elapsed time: 0.561 sec.
@I [HLS-100] Command 'ap_source' returned 0; elapsed 0.001Total elapsed time: 0.561 sec.
@I [HLS-100] Command "source C:/Xilinx/Vivado_HLS/2014.4/common/technology/xilinx/common/dsp48.lib "
@I [HLS-100] Command 'ap_source' returned 0; elapsed 0Total elapsed time: 0.561 sec.
@I [HLS-100] Command "source C:/Xilinx/Vivado_HLS/2014.4/common/technology/xilinx/ip/xfft.lib "
@I [HLS-100] Command 'ap_source' returned 0; elapsed 0.001Total elapsed time: 0.562 sec.
@I [HLS-100] Command "source C:/Xilinx/Vivado_HLS/2014.4/common/technology/xilinx/ip/xfir.lib "
@I [HLS-100] Command 'ap_source' returned 0; elapsed 0Total elapsed time: 0.562 sec.
@I [HLS-100] Command 'ap_source' returned 0; elapsed 0.003Total elapsed time: 0.563 sec.
@I [HLS-100] Command "source C:/Xilinx/Vivado_HLS/2014.4/common/technology/xilinx/common/xilinx_old.lib "
@I [HLS-100] Command 'ap_source' returned 0; elapsed 0.001Total elapsed time: 0.564 sec.
@I [HLS-100] Command "source C:/Xilinx/Vivado_HLS/2014.4/common/technology/xilinx/common/xilinx_vivado.lib "
@I [HLS-100] Command 'ap_source' returned 0; elapsed 0Total elapsed time: 0.564 sec.
@I [HLS-100] Command "source C:/Xilinx/Vivado_HLS/2014.4/common/technology/xilinx/common/xilinx.hlp "
@I [HLS-100] Command "source C:/Xilinx/Vivado_HLS/2014.4/common/technology/xilinx/common/target_info.tcl "
@I [HLS-100] Command 'ap_source' returned 0; elapsed 0Total elapsed time: 0.567 sec.
@I [HLS-100] Command "source C:/Xilinx/Vivado_HLS/2014.4/common/technology/xilinx/interface/xilinx_interface.hlp "
@I [HLS-100] Command "source C:/Xilinx/Vivado_HLS/2014.4/common/technology/xilinx/interface/maxi.hlp "
@I [HLS-100] Command 'ap_source' returned 0; elapsed 0.001Total elapsed time: 0.568 sec.
@I [HLS-100] Command "source C:/Xilinx/Vivado_HLS/2014.4/common/technology/xilinx/interface/saxilite.hlp "
@I [HLS-100] Command 'ap_source' returned 0; elapsed 0Total elapsed time: 0.568 sec.
@I [HLS-100] Command 'ap_source' returned 0; elapsed 0.001Total elapsed time: 0.568 sec.
@I [HLS-100] Command "source C:/Xilinx/Vivado_HLS/2014.4/common/technology/xilinx/common/dsp48.hlp "
@I [HLS-100] Command 'ap_source' returned 0; elapsed 0Total elapsed time: 0.568 sec.
@I [HLS-100] Command 'ap_source' returned 0; elapsed 0.003Total elapsed time: 0.569 sec.
@I [HLS-100] Command "source C:/Xilinx/Vivado_HLS/2014.4/common/technology/xilinx/virtex7/dsp48e1.hlp "
@I [HLS-100] Command 'ap_source' returned 0; elapsed 0Total elapsed time: 0.569 sec.
@I [HLS-100] Command "get_default_platform "
@I [HLS-100] Command 'get_default_platform' returned 0; elapsed 0Total elapsed time: 0.569 sec.
@I [HLS-100] Command "config_chip_info -quiet -resource  {SLICE 91050 } {LUT 364200 } {FF 728400 } {DSP48E 1260} {BRAM 1590}  "
@I [HLS-100] Command 'config_chip_info' returned 0; elapsed 0Total elapsed time: 0.569 sec.
@I [HLS-100] Command "config_chip_info -quiet -speed medium "
@I [HLS-100] Command 'config_chip_info' returned 0; elapsed 0Total elapsed time: 0.569 sec.
@I [HLS-100] Command 'import_lib' returned 0; elapsed 0.01Total elapsed time: 0.570 sec.
@I [HLS-100] Command "source C:/Xilinx/Vivado_HLS/2014.4/common/technology/xilinx/virtex7/virtex7.gen "
@I [HLS-100] Command "source C:/Xilinx/Vivado_HLS/2014.4/common/technology/xilinx/common/virtex.gen "
@I [HLS-100] Command "source C:/Xilinx/Vivado_HLS/2014.4/common/technology/xilinx/common/xilinx.gen "
@I [HLS-100] Command "source C:/Xilinx/Vivado_HLS/2014.4/common/technology/xilinx/interface/plb46.gen "
@I [HLS-100] Command 'ap_source' returned 0; elapsed 0.002Total elapsed time: 0.573 sec.
@I [HLS-100] Command "source C:/Xilinx/Vivado_HLS/2014.4/common/technology/xilinx/interface/fsl.gen "
@I [HLS-100] Command 'ap_source' returned 0; elapsed 0.001Total elapsed time: 0.574 sec.
@I [HLS-100] Command "source C:/Xilinx/Vivado_HLS/2014.4/common/technology/xilinx/interface/axi4.gen "
@I [HLS-100] Command 'ap_source' returned 0; elapsed 0.002Total elapsed time: 0.576 sec.
@I [HLS-100] Command "source C:/Xilinx/Vivado_HLS/2014.4/common/technology/xilinx/interface/nativeAXI4.gen "
@I [HLS-100] Command "source C:/Xilinx/Vivado_HLS/2014.4/common/technology/xilinx/interface/saxilite.gen "
@I [HLS-100] Command 'ap_source' returned 0; elapsed 0.003Total elapsed time: 0.579 sec.
@I [HLS-100] Command "source C:/Xilinx/Vivado_HLS/2014.4/common/technology/xilinx/interface/maxi.gen "
@I [HLS-100] Command 'ap_source' returned 0; elapsed 0.007Total elapsed time: 0.586 sec.
@I [HLS-100] Command 'ap_source' returned 0; elapsed 0.01Total elapsed time: 0.586 sec.
@I [HLS-100] Command "source C:/Xilinx/Vivado_HLS/2014.4/common/technology/xilinx/scripts/xilinxcoregen.gen "
@I [HLS-100] Command 'ap_source' returned 0; elapsed 0.009Total elapsed time: 0.595 sec.
@I [HLS-100] Command "source C:/Xilinx/Vivado_HLS/2014.4/common/technology/xilinx/interface/XilEDKCoreGen.gen "
@I [HLS-100] Command 'ap_source' returned 0; elapsed 0.008Total elapsed time: 0.603 sec.
@I [HLS-100] Command "source C:/Xilinx/Vivado_HLS/2014.4/common/technology/xilinx/ip/util.gen "
@I [HLS-100] Command 'ap_source' returned 0; elapsed 0Total elapsed time: 0.603 sec.
@I [HLS-100] Command "source C:/Xilinx/Vivado_HLS/2014.4/common/technology/xilinx/ip/xfft.gen "
@I [HLS-100] Command 'ap_source' returned 0; elapsed 0.097Total elapsed time: 0.700 sec.
@I [HLS-100] Command "source C:/Xilinx/Vivado_HLS/2014.4/common/technology/xilinx/ip/xfir.gen "
@I [HLS-100] Command "source C:/Xilinx/Vivado_HLS/2014.4/tps/tcl/tcllib1.11.1/struct/list.tcl "
@I [HLS-100] Command "source C:/Xilinx/Vivado_HLS/2014.4/tps/tcl/tcllib1.11.1/cmdline/cmdline.tcl "
@I [HLS-100] Command 'ap_source' returned 0; elapsed 0.003Total elapsed time: 0.780 sec.
@I [HLS-100] Command 'ap_source' returned 0; elapsed 0.066Total elapsed time: 0.781 sec.
@I [HLS-100] Command "source C:/Xilinx/Vivado_HLS/2014.4/tps/tcl/tcllib1.11.1/math/bignum.tcl "
@I [HLS-100] Command 'ap_source' returned 0; elapsed 0.002Total elapsed time: 0.794 sec.
@I [HLS-100] Command 'ap_source' returned 0; elapsed 0.103Total elapsed time: 0.804 sec.
@I [HLS-100] Command 'ap_source' returned 0; elapsed 0.232Total elapsed time: 0.804 sec.
@I [HLS-100] Command "source C:/Xilinx/Vivado_HLS/2014.4/common/technology/xilinx/common/dsp48.gen "
@I [HLS-100] Command 'ap_source' returned 0; elapsed 0Total elapsed time: 0.806 sec.
@I [HLS-100] Command 'ap_source' returned 0; elapsed 0.235Total elapsed time: 0.806 sec.
@I [HLS-100] Command 'ap_source' returned 0; elapsed 0.235Total elapsed time: 0.806 sec.
@I [HLS-100] Command "open_platform DefaultPlatform "
@I [HLS-100] Command 'open_platform' returned 0; elapsed 0Total elapsed time: 0.807 sec.
@I [HLS-100] Command "import_lib C:/Xilinx/Vivado_HLS/2014.4/common/technology/xilinx/virtex7/virtex7_fpv6 "
@I [HLS-100] Command "source C:/Xilinx/Vivado_HLS/2014.4/common/technology/xilinx/common/xilinx_fpv7.lib "
@I [HLS-100] Command 'ap_source' returned 0; elapsed 0.003Total elapsed time: 0.810 sec.
@I [HLS-100] Command "source C:/Xilinx/Vivado_HLS/2014.4/common/technology/xilinx/common/xilinx_fpv.hlp "
@I [HLS-100] Command "source C:/Xilinx/Vivado_HLS/2014.4/common/technology/xilinx/common/xilinx.hlp "
@I [HLS-100] Command "source C:/Xilinx/Vivado_HLS/2014.4/common/technology/xilinx/common/target_info.tcl "
@I [HLS-100] Command 'ap_source' returned 0; elapsed 0.049Total elapsed time: 0.867 sec.
@I [HLS-100] Command "source C:/Xilinx/Vivado_HLS/2014.4/common/technology/xilinx/interface/xilinx_interface.hlp "
@I [HLS-100] Command "source C:/Xilinx/Vivado_HLS/2014.4/common/technology/xilinx/interface/maxi.hlp "
@I [HLS-100] Command 'ap_source' returned 0; elapsed 0.001Total elapsed time: 0.868 sec.
@I [HLS-100] Command "source C:/Xilinx/Vivado_HLS/2014.4/common/technology/xilinx/interface/saxilite.hlp "
@I [HLS-100] Command 'ap_source' returned 0; elapsed 0Total elapsed time: 0.868 sec.
@I [HLS-100] Command 'ap_source' returned 0; elapsed 0.001Total elapsed time: 0.868 sec.
@I [HLS-100] Command "source C:/Xilinx/Vivado_HLS/2014.4/common/technology/xilinx/common/dsp48.hlp "
@I [HLS-100] Command 'ap_source' returned 0; elapsed 0.002Total elapsed time: 0.871 sec.
@I [HLS-100] Command 'ap_source' returned 0; elapsed 0.056Total elapsed time: 0.873 sec.
@I [HLS-100] Command 'ap_source' returned 0; elapsed 0.057Total elapsed time: 0.874 sec.
@I [HLS-100] Command 'import_lib' returned 0; elapsed 0.088Total elapsed time: 0.894 sec.
@I [HLS-100] Command "source C:/Xilinx/Vivado_HLS/2014.4/common/technology/xilinx/virtex7/virtex7_fpv6.gen "
@I [HLS-100] Command "source C:/Xilinx/Vivado_HLS/2014.4/common/technology/xilinx/common/xilinx_fpv6.gen "
@I [HLS-100] Command 'ap_source' returned 0; elapsed 0.004Total elapsed time: 0.898 sec.
@I [HLS-100] Command 'ap_source' returned 0; elapsed 0.004Total elapsed time: 0.898 sec.
@I [HLS-100] Command "set_part xc7vx690tffg1761-2 "
@I [HLS-100] Command "add_library xilinx/virtex7/virtex7:xc7vx690t:ffg1761:-2 "
@I [HLS-100] Command "get_default_platform "
@I [HLS-100] Command 'get_default_platform' returned 0; elapsed 0Total elapsed time: 0.906 sec.
@I [HLS-100] Command "license_exists VIVADO_HLS "
@I [HLS-100] Command 'license_exists' returned 1; elapsed 0.014Total elapsed time: 0.920 sec.
@I [HLS-100] Command "license_exists ap_opencl "
@I [HLS-100] Command 'license_exists' returned 1; elapsed 0.006Total elapsed time: 0.926 sec.
@I [HLS-100] Command "license_exists AUTOESL_NI "
@I [HLS-100] Command 'license_exists' returned 1; elapsed 0.006Total elapsed time: 0.932 sec.
@I [HLS-100] Command "license_exists HLS "
@I [LICQ-103] Checked out feature [HLS]
@I [LIC-101] Checked out feature [HLS]
@I [HLS-100] Command 'license_exists' returned 0; elapsed 0Total elapsed time: 0.932 sec.
@I [HLS-100] Command "get_default_platform "
@I [HLS-100] Command 'get_default_platform' returned 0; elapsed 0Total elapsed time: 0.933 sec.
@I [HLS-100] Command "config_chip_info -quiet -resource  {SLICE 108300} {LUT 433200 } {FF 866400 } {DSP48E 3600} {BRAM 2940}  "
@I [HLS-100] Command 'config_chip_info' returned 0; elapsed 0Total elapsed time: 0.933 sec.
@I [HLS-100] Command "config_chip_info -quiet -speed medium "
@I [HLS-100] Command 'config_chip_info' returned 0; elapsed 0Total elapsed time: 0.933 sec.
@I [HLS-100] Command 'add_library' returned 0; elapsed 0.03Total elapsed time: 0.934 sec.
@I [HLS-100] Command "add_library xilinx/virtex7/virtex7_fpv6 "
@I [HLS-100] Command "get_default_platform "
@I [HLS-100] Command 'get_default_platform' returned 0; elapsed 0Total elapsed time: 0.935 sec.
@I [HLS-100] Command "license_exists VIVADO_HLS "
@I [HLS-100] Command 'license_exists' returned 1; elapsed 0.005Total elapsed time: 0.940 sec.
@I [HLS-100] Command "license_exists ap_opencl "
@I [HLS-100] Command 'license_exists' returned 1; elapsed 0.006Total elapsed time: 0.947 sec.
@I [HLS-100] Command "license_exists AUTOESL_NI "
@I [HLS-100] Command 'license_exists' returned 1; elapsed 0.006Total elapsed time: 0.953 sec.
@I [HLS-100] Command "license_exists HLS "
@I [HLS-100] Command 'license_exists' returned 0; elapsed 0Total elapsed time: 0.953 sec.
@I [HLS-100] Command 'add_library' returned 0; elapsed 0.02Total elapsed time: 0.954 sec.
@I [HLS-10] Setting target device to 'xc7vx690tffg1761-2'
@I [HLS-100] Command 'set_part' returned 0; elapsed 0.055Total elapsed time: 0.954 sec.
@I [HLS-100] Command "get_default_platform "
@I [HLS-100] Command 'get_default_platform' returned 0; elapsed 0Total elapsed time: 0.954 sec.
@I [HLS-100] Command "config_chip_info -quiet -resource  {SLICE 108300} {LUT 433200 } {FF 866400 } {DSP48E 3600} {BRAM 2940}  "
@I [HLS-100] Command 'config_chip_info' returned 0; elapsed 0Total elapsed time: 0.954 sec.
@I [HLS-100] Command "config_chip_info -quiet -speed medium "
@I [HLS-100] Command 'config_chip_info' returned 0; elapsed 0Total elapsed time: 0.954 sec.
@I [HLS-100] Command 'open_solution' returned 0; elapsed 0.497Total elapsed time: 0.954 sec.
@I [HLS-100] Command "csim_design -argv test abc123 -clean -quiet "
@I [HLS-100] Command "source C:/Projects/2014-03-04_TLS-Aspect/FPGA/HLS/AFA2/AFA/proj_axi_master/solution2/.autopilot/db/global.setting.tcl "
@I [HLS-100] Command 'ap_source' returned 0; elapsed 0Total elapsed time: 0.991 sec.
@I [HLS-100] Command "source csim/.lst_opt.tcl "
@I [HLS-100] Command 'ap_source' returned 0; elapsed 0Total elapsed time: 1.34 sec.
@E [SIM-1] 'csim_design' failed: compilation error(s).
@I [HLS-100] Command 'csim_design' returned 2; elapsed 0.697Total elapsed time: 1.652 sec.
@I [HLS-100] Command "cleanup_all "
@I [HLS-100] Command 'cleanup_all' returned 0; elapsed 0.001Total elapsed time: 1.653 sec.
